<?xml version="1.0" encoding="UTF-8"?>
<!-- Generated by org.testng.reporters.JUnitXMLReporter -->
<testsuite ignored="0" hostname="DESKTOP-L008IRS" failures="0" tests="2" name="Add and Remove multiple Items in ebay" time="41.786" errors="0" timestamp="2024-07-06T16:15:44 IST">
  <testcase classname="tests.AddMultiItemToCart" name="addMultiItemToCart" time="27.584"/>
  <testcase classname="tests.RemoveMulItemfromCart" name="removeMultiItemFromCart" time="10.855"/>
</testsuite> <!-- Add and Remove multiple Items in ebay -->
