<?xml version="1.0" encoding="UTF-8"?>
<!-- Generated by org.testng.reporters.JUnitXMLReporter -->
<testsuite ignored="0" hostname="DESKTOP-L008IRS" failures="1" tests="1" name="Search item and add to cart and verify the item name and price" time="28.687" errors="0" timestamp="2024-07-06T16:16:13 IST">
  <testcase classname="tests.SearchProduct" name="search" time="24.761">
    <failure type="java.lang.AssertionError" message="expected [US $285.03] but found [US $285.03/ea]">
      <![CDATA[java.lang.AssertionError: expected [US $285.03] but found [US $285.03/ea]
at tests.SearchProduct.search(SearchProduct.java:83)
at java.base/java.util.ArrayList.forEach(ArrayList.java:1597)
... Removed 31 stack frames]]>
    </failure>
  </testcase> <!-- search -->
</testsuite> <!-- Search item and add to cart and verify the item name and price -->
