<?xml version="1.0" encoding="UTF-8"?>
<!-- Generated by org.testng.reporters.JUnitXMLReporter -->
<testsuite ignored="0" hostname="DESKTOP-L008IRS" failures="0" tests="2" name="Add and Remove multiple Items in ebay" time="38.245" errors="0" timestamp="2024-07-07T08:31:00 IST">
  <testcase classname="tests.AddMultiItemToCart" name="addMultiItemToCart" time="26.773"/>
  <testcase classname="tests.RemoveMulItemfromCart" name="removeMultiItemFromCart" time="9.379"/>
</testsuite> <!-- Add and Remove multiple Items in ebay -->
