<?xml version="1.0" encoding="UTF-8"?>
<testng-results ignored="0" total="5" passed="5" failed="0" skipped="0">
  <reporter-output>
    <line>
      <![CDATA[ChromeDriver: chrome on windows (a0480b8ddc7b59e7595910d4301af1ef)is instantiated]]>
    </line>
    <line>
      <![CDATA[Item added to Cart successfully]]>
    </line>
    <line>
      <![CDATA[Item is removed from cart successfully]]>
    </line>
    <line>
      <![CDATA[Tear down successful]]>
    </line>
    <line>
      <![CDATA[ChromeDriver: chrome on windows (52b7d219d0367cd54dd78f4455f78033)is instantiated]]>
    </line>
    <line>
      <![CDATA[Multiple Items are added to cart successfully]]>
    </line>
    <line>
      <![CDATA[All items are removed successfully]]>
    </line>
    <line>
      <![CDATA[Tear down successful]]>
    </line>
    <line>
      <![CDATA[ChromeDriver: chrome on windows (71b64fbd320149fc744b867a06e06103)is instantiated]]>
    </line>
    <line>
      <![CDATA[Tear down successful]]>
    </line>
  </reporter-output>
  <suite started-at="2024-07-07T08:29:47 IST" name="Suite" finished-at="2024-07-07T08:31:24 IST" duration-ms="96627">
    <groups>
    </groups>
    <test started-at="2024-07-07T08:29:47 IST" name="Add and Remove Item in ebay" finished-at="2024-07-07T08:30:21 IST" duration-ms="34006">
      <class name="tests.RemoveItemfromCart">
        <test-method is-config="true" signature="setUpdata()[pri:0, instance:tests.RemoveItemfromCart@77888435]" started-at="2024-07-07T08:29:47 IST" name="setUpdata" finished-at="2024-07-07T08:29:52 IST" duration-ms="4790" status="PASS">
          <reporter-output>
            <line>
              <![CDATA[ChromeDriver: chrome on windows (a0480b8ddc7b59e7595910d4301af1ef)is instantiated]]>
            </line>
          </reporter-output>
        </test-method> <!-- setUpdata -->
        <test-method signature="addItemToCart()[pri:1, instance:tests.RemoveItemfromCart@77888435]" started-at="2024-07-07T08:29:52 IST" name="addItemToCart" finished-at="2024-07-07T08:30:14 IST" duration-ms="22318" status="PASS">
          <reporter-output>
            <line>
              <![CDATA[Item added to Cart successfully]]>
            </line>
          </reporter-output>
        </test-method> <!-- addItemToCart -->
        <test-method signature="removeItemFromCart()[pri:2, instance:tests.RemoveItemfromCart@77888435]" started-at="2024-07-07T08:30:15 IST" name="removeItemFromCart" finished-at="2024-07-07T08:30:21 IST" duration-ms="6435" status="PASS">
          <reporter-output>
            <line>
              <![CDATA[Item is removed from cart successfully]]>
            </line>
          </reporter-output>
        </test-method> <!-- removeItemFromCart -->
        <test-method is-config="true" signature="tearDown()[pri:0, instance:tests.RemoveItemfromCart@77888435]" started-at="2024-07-07T08:30:21 IST" name="tearDown" finished-at="2024-07-07T08:30:21 IST" duration-ms="310" status="PASS">
          <reporter-output>
            <line>
              <![CDATA[Tear down successful]]>
            </line>
          </reporter-output>
        </test-method> <!-- tearDown -->
      </class> <!-- tests.RemoveItemfromCart -->
    </test> <!-- Add and Remove Item in ebay -->
    <test started-at="2024-07-07T08:30:21 IST" name="Add and Remove multiple Items in ebay" finished-at="2024-07-07T08:31:00 IST" duration-ms="38245">
      <class name="tests.RemoveMulItemfromCart">
        <test-method is-config="true" signature="setUpdata()[pri:0, instance:tests.RemoveMulItemfromCart@31190526]" started-at="2024-07-07T08:30:21 IST" name="setUpdata" finished-at="2024-07-07T08:30:23 IST" duration-ms="1778" status="PASS">
          <reporter-output>
            <line>
              <![CDATA[ChromeDriver: chrome on windows (52b7d219d0367cd54dd78f4455f78033)is instantiated]]>
            </line>
          </reporter-output>
        </test-method> <!-- setUpdata -->
        <test-method signature="addMultiItemToCart()[pri:1, instance:tests.RemoveMulItemfromCart@31190526]" started-at="2024-07-07T08:30:23 IST" name="addMultiItemToCart" finished-at="2024-07-07T08:30:50 IST" duration-ms="26773" status="PASS">
          <reporter-output>
            <line>
              <![CDATA[Multiple Items are added to cart successfully]]>
            </line>
          </reporter-output>
        </test-method> <!-- addMultiItemToCart -->
        <test-method signature="removeMultiItemFromCart()[pri:2, instance:tests.RemoveMulItemfromCart@31190526]" started-at="2024-07-07T08:30:50 IST" name="removeMultiItemFromCart" finished-at="2024-07-07T08:30:59 IST" duration-ms="9379" status="PASS">
          <reporter-output>
            <line>
              <![CDATA[All items are removed successfully]]>
            </line>
          </reporter-output>
        </test-method> <!-- removeMultiItemFromCart -->
        <test-method is-config="true" signature="tearDown()[pri:0, instance:tests.RemoveMulItemfromCart@31190526]" started-at="2024-07-07T08:30:59 IST" name="tearDown" finished-at="2024-07-07T08:31:00 IST" duration-ms="307" status="PASS">
          <reporter-output>
            <line>
              <![CDATA[Tear down successful]]>
            </line>
          </reporter-output>
        </test-method> <!-- tearDown -->
      </class> <!-- tests.RemoveMulItemfromCart -->
    </test> <!-- Add and Remove multiple Items in ebay -->
    <test started-at="2024-07-07T08:31:00 IST" name="Search item and add to cart and verify the item name and price" finished-at="2024-07-07T08:31:24 IST" duration-ms="24321">
      <class name="tests.SearchProduct">
        <test-method is-config="true" signature="setUpdata()[pri:0, instance:tests.SearchProduct@477b4cdf]" started-at="2024-07-07T08:31:00 IST" name="setUpdata" finished-at="2024-07-07T08:31:04 IST" duration-ms="4186" status="PASS">
          <reporter-output>
            <line>
              <![CDATA[ChromeDriver: chrome on windows (71b64fbd320149fc744b867a06e06103)is instantiated]]>
            </line>
          </reporter-output>
        </test-method> <!-- setUpdata -->
        <test-method signature="search()[pri:0, instance:tests.SearchProduct@477b4cdf]" started-at="2024-07-07T08:31:04 IST" name="search" finished-at="2024-07-07T08:31:24 IST" duration-ms="19976" status="PASS">
          <reporter-output>
          </reporter-output>
        </test-method> <!-- search -->
        <test-method is-config="true" signature="tearDown()[pri:0, instance:tests.SearchProduct@477b4cdf]" started-at="2024-07-07T08:31:24 IST" name="tearDown" finished-at="2024-07-07T08:31:24 IST" duration-ms="156" status="PASS">
          <reporter-output>
            <line>
              <![CDATA[Tear down successful]]>
            </line>
          </reporter-output>
        </test-method> <!-- tearDown -->
      </class> <!-- tests.SearchProduct -->
    </test> <!-- Search item and add to cart and verify the item name and price -->
  </suite> <!-- Suite -->
</testng-results>
