<?xml version="1.0" encoding="UTF-8"?>
<testsuite xmlns:xsi="http://www.w3.org/2001/XMLSchema-instance" xsi:noNamespaceSchemaLocation="https://maven.apache.org/surefire/maven-surefire-plugin/xsd/surefire-test-report.xsd" version="3.0.1" name="TestSuite" time="99.996" tests="5" errors="0" skipped="0" failures="0">
  <properties>
[...]
</properties>
  <testcase name="addItemToCart" classname="tests.RemoveItemfromCart" time="18.868">
    <system-out><![CDATA[ChromeDriver: chrome on windows (25286273c2a2378b6ba4dc7fd3c33ece)is instantiated
Item clicked
Item added to Cart successfully
]]></system-out>
    <system-err><![CDATA[SLF4J(W): No SLF4J providers were found.
SLF4J(W): Defaulting to no-operation (NOP) logger implementation
SLF4J(W): See https://www.slf4j.org/codes.html#noProviders for further details.
Jul 07, 2024 11:55:29 AM org.openqa.selenium.devtools.CdpVersionFinder findNearestMatch
WARNING: Unable to find an exact match for CDP version 126, returning the closest version; found: 125; Please update to a Selenium version that supports CDP version 126
]]></system-err>
  </testcase>
  <testcase name="removeItemFromCart" classname="tests.RemoveItemfromCart" time="5.268">
    <system-out><![CDATA[Element found is Your shopping cart contains 1 item
cart Clicked
Item is removed from cart successfully
]]></system-out>
  </testcase>
  <testcase name="addMultiItemToCart" classname="tests.RemoveMulItemfromCart" time="26.682">
    <system-out><![CDATA[Tear down successful
ChromeDriver: chrome on windows (b3ec9b5d2336833e3da2e35fe4eda787)is instantiated
Clicking on Item 0Bickmore Felt Hat Cleaning Sponge - for Western Cowboy Cowgirl Hats &
Item0 added to Cart successfully
Clicking on Item 1Pink Cowgirl Hat with Heart Glasses - Pink Cowboy Hat with Tiara Crown
Item1 added to Cart successfully
Clicking on Item 2America 4th of July Patriotic Cowboy Hat Star Studs Hatband by Goldcoast Sunwear
Item2 added to Cart successfully
Multiple Items are added to cart successfully
]]></system-out>
    <system-err><![CDATA[Jul 07, 2024 11:55:56 AM org.openqa.selenium.devtools.CdpVersionFinder findNearestMatch
WARNING: Unable to find an exact match for CDP version 126, returning the closest version; found: 125; Please update to a Selenium version that supports CDP version 126
]]></system-err>
  </testcase>
  <testcase name="removeMultiItemFromCart" classname="tests.RemoveMulItemfromCart" time="11.434">
    <system-out><![CDATA[Element found is Your shopping cart
cart Clicked
All items are removed successfully
]]></system-out>
  </testcase>
  <testcase name="search" classname="tests.SearchProduct" time="24.461">
    <system-out><![CDATA[Tear down successful
ChromeDriver: chrome on windows (1b3b26545369146c1fad9f71a15939ad)is instantiated
already expanded
Item selected= Dell Laptop Latitude 7490 Light Gaming Core i7 16GB RAM 256GB SSD Windows 11.It's Price is US $276.48
]]></system-out>
    <system-err><![CDATA[Jul 07, 2024 11:56:38 AM org.openqa.selenium.devtools.CdpVersionFinder findNearestMatch
WARNING: Unable to find an exact match for CDP version 126, returning the closest version; found: 125; Please update to a Selenium version that supports CDP version 126
]]></system-err>
  </testcase>
</testsuite>