<?xml version="1.0" encoding="UTF-8"?>
<testng-results ignored="0" total="1" passed="1" failed="0" skipped="0">
  <reporter-output>
    <line>
      <![CDATA[ChromeDriver: chrome on windows (a27dc2f28352eacb5be983c8feffd2cc)is instantiated]]>
    </line>
    <line>
      <![CDATA[Tear down successful]]>
    </line>
  </reporter-output>
  <suite started-at="2024-07-07T08:35:37 IST" name="Default suite" finished-at="2024-07-07T08:36:08 IST" duration-ms="30672">
    <groups>
    </groups>
    <test started-at="2024-07-07T08:35:37 IST" name="Default test" finished-at="2024-07-07T08:36:08 IST" duration-ms="30672">
      <class name="tests.SearchProduct">
        <test-method is-config="true" signature="setUpdata()[pri:0, instance:tests.SearchProduct@7c9d8e2]" started-at="2024-07-07T08:35:37 IST" name="setUpdata" finished-at="2024-07-07T08:35:43 IST" duration-ms="5356" status="PASS">
          <reporter-output>
            <line>
              <![CDATA[ChromeDriver: chrome on windows (a27dc2f28352eacb5be983c8feffd2cc)is instantiated]]>
            </line>
          </reporter-output>
        </test-method> <!-- setUpdata -->
        <test-method signature="search()[pri:0, instance:tests.SearchProduct@7c9d8e2]" started-at="2024-07-07T08:35:43 IST" name="search" finished-at="2024-07-07T08:36:08 IST" duration-ms="25122" status="PASS">
          <reporter-output>
          </reporter-output>
        </test-method> <!-- search -->
        <test-method is-config="true" signature="tearDown()[pri:0, instance:tests.SearchProduct@7c9d8e2]" started-at="2024-07-07T08:36:08 IST" name="tearDown" finished-at="2024-07-07T08:36:08 IST" duration-ms="95" status="PASS">
          <reporter-output>
            <line>
              <![CDATA[Tear down successful]]>
            </line>
          </reporter-output>
        </test-method> <!-- tearDown -->
      </class> <!-- tests.SearchProduct -->
    </test> <!-- Default test -->
  </suite> <!-- Default suite -->
</testng-results>
